<?xml version="1.0" encoding="UTF-8"?>
<!-- Generated by org.testng.reporters.JUnitReportReporter -->
<testsuite hostname="DESKTOP-E5D0OB9" failures="0" tests="4" name="testJavaPrograms.Palindrome_TestNG_Test" time="0.005" errors="0" timestamp="2025-03-29T14:45:56 IST" skipped="0">
  <testcase classname="testJavaPrograms.Palindrome_TestNG_Test" name="test_IsPalindrome" time="0.005"/>
  <testcase classname="testJavaPrograms.Palindrome_TestNG_Test" name="test_IsPalindrome" time="0.000"/>
  <testcase classname="testJavaPrograms.Palindrome_TestNG_Test" name="test_IsPalindrome" time="0.000"/>
  <testcase classname="testJavaPrograms.Palindrome_TestNG_Test" name="test_IsPalindrome" time="0.000"/>
</testsuite> <!-- testJavaPrograms.Palindrome_TestNG_Test -->
