<?xml version="1.0" encoding="UTF-8"?>
<!-- Generated by org.testng.reporters.JUnitReportReporter -->
<testsuite hostname="DESKTOP-E5D0OB9" failures="0" tests="1" name="seleniumTests.Test002" time="0.193" errors="0" timestamp="2025-03-30T17:54:46 IST" skipped="0">
  <testcase classname="seleniumTests.Test002" name="validateCounters" time="0.193"/>
</testsuite> <!-- seleniumTests.Test002 -->
