<?xml version="1.0" encoding="UTF-8"?>
<!-- Generated by org.testng.reporters.JUnitReportReporter -->
<testsuite hostname="DESKTOP-E5D0OB9" failures="0" tests="1" name="seleniumTests.Test001" time="0.006" errors="0" timestamp="2025-03-29T14:45:58 IST" skipped="0">
  <testcase classname="seleniumTests.Test001" name="test001" time="0.006"/>
</testsuite> <!-- seleniumTests.Test001 -->
